Flow report for mealy10010
Fri Jun 11 18:36:14 2021
Quartus Prime Version 20.1.0 Build 711 06/05/2020 SJ Lite Edition


---------------------
; Table of Contents ;
---------------------
  1. EDA Netlist Writer Summary
  2. Legal Notice
  3. Flow Summary
  4. Flow Settings
  5. Flow Non-Default Global Settings
  6. Flow Elapsed Time
  7. Flow OS Summary
  8. Flow Log
  9. Flow Messages
 10. Flow Suppressed Messages



+-------------------------------------------------------------------+
; EDA Netlist Writer Summary                                        ;
+---------------------------+---------------------------------------+
; EDA Netlist Writer Status ; Successful - Fri Jun 11 18:36:14 2021 ;
; Revision Name             ; mealy10010                            ;
; Top-level Entity Name     ; mealy10010                            ;
; Family                    ; Cyclone IV GX                         ;
; Simulation Files Creation ; Successful                            ;
+---------------------------+---------------------------------------+


----------------
; Legal Notice ;
----------------
Copyright (C) 2020  Intel Corporation. All rights reserved.
Your use of Intel Corporation's design tools, logic functions 
and other software and tools, and any partner logic 
functions, and any output files from any of the foregoing 
(including device programming or simulation files), and any 
associated documentation or information are expressly subject 
to the terms and conditions of the Intel Program License 
Subscription Agreement, the Intel Quartus Prime License Agreement,
the Intel FPGA IP License Agreement, or other applicable license
agreement, including, without limitation, that your use is for
the sole purpose of programming logic devices manufactured by
Intel and sold by Intel or its authorized distributors.  Please
refer to the applicable agreement for further details, at
https://fpgasoftware.intel.com/eula.



+----------------------------------------------------------------------------------+
; Flow Summary                                                                     ;
+------------------------------------+---------------------------------------------+
; Flow Status                        ; Successful - Fri Jun 11 18:36:14 2021       ;
; Quartus Prime Version              ; 20.1.0 Build 711 06/05/2020 SJ Lite Edition ;
; Revision Name                      ; mealy10010                                  ;
; Top-level Entity Name              ; mealy10010                                  ;
; Family                             ; Cyclone IV GX                               ;
; Device                             ; EP4CGX15BF14A7                              ;
; Timing Models                      ; Final                                       ;
; Total logic elements               ; 5 / 14,400 ( < 1 % )                        ;
;     Total combinational functions  ; 5 / 14,400 ( < 1 % )                        ;
;     Dedicated logic registers      ; 4 / 14,400 ( < 1 % )                        ;
; Total registers                    ; 4                                           ;
; Total pins                         ; 4 / 81 ( 5 % )                              ;
; Total virtual pins                 ; 0                                           ;
; Total memory bits                  ; 0 / 552,960 ( 0 % )                         ;
; Embedded Multiplier 9-bit elements ; 0                                           ;
; Total GXB Receiver Channel PCS     ; 0 / 2 ( 0 % )                               ;
; Total GXB Receiver Channel PMA     ; 0 / 2 ( 0 % )                               ;
; Total GXB Transmitter Channel PCS  ; 0 / 2 ( 0 % )                               ;
; Total GXB Transmitter Channel PMA  ; 0 / 2 ( 0 % )                               ;
; Total PLLs                         ; 0 / 3 ( 0 % )                               ;
+------------------------------------+---------------------------------------------+


+-----------------------------------------+
; Flow Settings                           ;
+-------------------+---------------------+
; Option            ; Setting             ;
+-------------------+---------------------+
; Start date & time ; 06/11/2021 18:35:56 ;
; Main task         ; Compilation         ;
; Revision Name     ; mealy10010          ;
+-------------------+---------------------+


+-------------------------------------------------------------------------------------------------------------------------------------------------------+
; Flow Non-Default Global Settings                                                                                                                      ;
+--------------------------------------------+----------------------------------------+---------------+-------------+-----------------------------------+
; Assignment Name                            ; Value                                  ; Default Value ; Entity Name ; Section Id                        ;
+--------------------------------------------+----------------------------------------+---------------+-------------+-----------------------------------+
; COMPILER_SIGNATURE_ID                      ; 66120943129417.162342035606076         ; --            ; --          ; --                                ;
; EDA_GENERATE_FUNCTIONAL_NETLIST            ; Off                                    ; --            ; --          ; eda_board_design_timing           ;
; EDA_GENERATE_FUNCTIONAL_NETLIST            ; Off                                    ; --            ; --          ; eda_simulation                    ;
; EDA_GENERATE_FUNCTIONAL_NETLIST            ; Off                                    ; --            ; --          ; eda_board_design_boundary_scan    ;
; EDA_GENERATE_FUNCTIONAL_NETLIST            ; Off                                    ; --            ; --          ; eda_board_design_signal_integrity ;
; EDA_GENERATE_FUNCTIONAL_NETLIST            ; Off                                    ; --            ; --          ; eda_board_design_symbol           ;
; EDA_GENERATE_RTL_SIMULATION_COMMAND_SCRIPT ; On                                     ; --            ; --          ; eda_simulation                    ;
; EDA_OUTPUT_DATA_FORMAT                     ; Verilog Hdl                            ; --            ; --          ; eda_simulation                    ;
; EDA_SIMULATION_TOOL                        ; ModelSim (Verilog)                     ; <None>        ; --          ; --                                ;
; EDA_TIME_SCALE                             ; 1 ns                                   ; --            ; --          ; eda_simulation                    ;
; MAX_CORE_JUNCTION_TEMP                     ; 125                                    ; --            ; --          ; --                                ;
; MIN_CORE_JUNCTION_TEMP                     ; -40                                    ; --            ; --          ; --                                ;
; NOMINAL_CORE_SUPPLY_VOLTAGE                ; 1.2V                                   ; --            ; --          ; --                                ;
; PARTITION_COLOR                            ; -- (Not supported for targeted family) ; --            ; --          ; Top                               ;
; PARTITION_FITTER_PRESERVATION_LEVEL        ; -- (Not supported for targeted family) ; --            ; --          ; Top                               ;
; PARTITION_NETLIST_TYPE                     ; -- (Not supported for targeted family) ; --            ; --          ; Top                               ;
; POWER_BOARD_THERMAL_MODEL                  ; None (CONSERVATIVE)                    ; --            ; --          ; --                                ;
; POWER_PRESET_COOLING_SOLUTION              ; 23 MM HEAT SINK WITH 200 LFPM AIRFLOW  ; --            ; --          ; --                                ;
; PROJECT_OUTPUT_DIRECTORY                   ; output_files                           ; --            ; --          ; --                                ;
+--------------------------------------------+----------------------------------------+---------------+-------------+-----------------------------------+


+--------------------------------------------------------------------------------------------------------------------------+
; Flow Elapsed Time                                                                                                        ;
+----------------------+--------------+-------------------------+---------------------+------------------------------------+
; Module Name          ; Elapsed Time ; Average Processors Used ; Peak Virtual Memory ; Total CPU Time (on all processors) ;
+----------------------+--------------+-------------------------+---------------------+------------------------------------+
; Analysis & Synthesis ; 00:00:07     ; 1.0                     ; 4847 MB             ; 00:00:16                           ;
; Fitter               ; 00:00:04     ; 1.0                     ; 5716 MB             ; 00:00:04                           ;
; Assembler            ; 00:00:01     ; 1.0                     ; 4752 MB             ; 00:00:01                           ;
; Timing Analyzer      ; 00:00:02     ; 1.0                     ; 4784 MB             ; 00:00:01                           ;
; EDA Netlist Writer   ; 00:00:02     ; 1.0                     ; 4720 MB             ; 00:00:01                           ;
; Total                ; 00:00:16     ; --                      ; --                  ; 00:00:23                           ;
+----------------------+--------------+-------------------------+---------------------+------------------------------------+


+------------------------------------------------------------------------------------+
; Flow OS Summary                                                                    ;
+----------------------+------------------+------------+------------+----------------+
; Module Name          ; Machine Hostname ; OS Name    ; OS Version ; Processor type ;
+----------------------+------------------+------------+------------+----------------+
; Analysis & Synthesis ; DESKTOP-52GGFBA  ; Windows 10 ; 10.0       ; x86_64         ;
; Fitter               ; DESKTOP-52GGFBA  ; Windows 10 ; 10.0       ; x86_64         ;
; Assembler            ; DESKTOP-52GGFBA  ; Windows 10 ; 10.0       ; x86_64         ;
; Timing Analyzer      ; DESKTOP-52GGFBA  ; Windows 10 ; 10.0       ; x86_64         ;
; EDA Netlist Writer   ; DESKTOP-52GGFBA  ; Windows 10 ; 10.0       ; x86_64         ;
+----------------------+------------------+------------+------------+----------------+


------------
; Flow Log ;
------------
quartus_map --read_settings_files=on --write_settings_files=off mealy10010 -c mealy10010
quartus_fit --read_settings_files=off --write_settings_files=off mealy10010 -c mealy10010
quartus_asm --read_settings_files=off --write_settings_files=off mealy10010 -c mealy10010
quartus_sta mealy10010 -c mealy10010
quartus_eda --read_settings_files=off --write_settings_files=off mealy10010 -c mealy10010



